<?xml version="1.0" encoding="UTF-8"?>
<!-- Generated by org.testng.reporters.JUnitReportReporter -->
<testsuite hostname="ALIPLR8316" failures="0" tests="2" name="TestCases.GoogleSearchTests" time="17.294" errors="0" timestamp="2023-06-22T19:38:29 IST" skipped="0">
  <testcase classname="TestCases.GoogleSearchTests" name="test2" time="4.262"/>
  <system-out/>
  <testcase classname="TestCases.GoogleSearchTests" name="test1" time="13.032"/>
  <system-out/>
</testsuite> <!-- TestCases.GoogleSearchTests -->
